#
# There is insufficient memory for the Java Runtime Environment to continue.
# Native memory allocation (malloc) failed to allocate 32744 bytes for ChunkPool::allocate
# Possible reasons:
#   The system is out of physical RAM or swap space
#   In 32 bit mode, the process size limit was hit
# Possible solutions:
#   Reduce memory load on the system
#   Increase physical memory or swap space
#   Check if swap backing store is full
#   Use 64 bit Java on a 64 bit OS
#   Decrease Java heap size (-Xmx/-Xms)
#   Decrease number of Java threads
#   Decrease Java thread stack sizes (-Xss)
#   Set larger code cache with -XX:ReservedCodeCacheSize=
# This output file may be truncated or incomplete.
#
#  Out of Memory Error (allocation.cpp:273), pid=14756, tid=0x0000000000004158
#
# JRE version: Java(TM) SE Runtime Environment (8.0_161-b12) (build 1.8.0_161-b12)
# Java VM: Java HotSpot(TM) 64-Bit Server VM (25.161-b12 mixed mode windows-amd64 compressed oops)
# Failed to write core dump. Minidumps are not enabled by default on client versions of Windows
#

---------------  T H R E A D  ---------------

Current thread (0x000000001703a000):  JavaThread "C2 CompilerThread1" daemon [_thread_in_native, id=16728, stack(0x00000000187b0000,0x00000000188b0000)]

Stack: [0x00000000187b0000,0x00000000188b0000]
[error occurred during error reporting (printing stack bounds), id 0xc0000005]

Native frames: (J=compiled Java code, j=interpreted, Vv=VM code, C=native code)


Current CompileTask:
C2:   1992  682       4       sun.misc.URLClassPath::getResource (83 bytes)


---------------  P R O C E S S  ---------------

Java Threads: ( => current thread )
  0x00000000191d3000 JavaThread "ReaderThread" [_thread_in_native, id=19136, stack(0x0000000019a10000,0x0000000019b10000)]
  0x00000000189f9000 JavaThread "Service Thread" daemon [_thread_blocked, id=14760, stack(0x0000000018db0000,0x0000000018eb0000)]
  0x0000000017040800 JavaThread "C1 CompilerThread2" daemon [_thread_blocked, id=19324, stack(0x00000000188b0000,0x00000000189b0000)]
=>0x000000001703a000 JavaThread "C2 CompilerThread1" daemon [_thread_in_native, id=16728, stack(0x00000000187b0000,0x00000000188b0000)]
  0x0000000017033800 JavaThread "C2 CompilerThread0" daemon [_thread_blocked, id=14428, stack(0x00000000186b0000,0x00000000187b0000)]
  0x0000000017032000 JavaThread "Attach Listener" daemon [_thread_blocked, id=13368, stack(0x00000000185b0000,0x00000000186b0000)]
  0x0000000017031000 JavaThread "Signal Dispatcher" daemon [_thread_blocked, id=16232, stack(0x00000000184b0000,0x00000000185b0000)]
  0x000000001701e800 JavaThread "Finalizer" daemon [_thread_blocked, id=8640, stack(0x00000000182a0000,0x00000000183a0000)]
  0x00000000024c7000 JavaThread "Reference Handler" daemon [_thread_blocked, id=296, stack(0x00000000181a0000,0x00000000182a0000)]
  0x00000000023d4800 JavaThread "main" [_thread_blocked, id=7952, stack(0x00000000021e0000,0x00000000022e0000)]

Other Threads:
  0x0000000016ff7000 VMThread [stack: 0x00000000180a0000,0x00000000181a0000] [id=16316]
  0x000000001708c000 WatcherThread [stack: 0x0000000019010000,0x0000000019110000] [id=17392]

VM state:at safepoint (normal execution)

VM Mutex/Monitor currently owned by a thread:  ([mutex/lock_event])
[0x00000000023d1650] Threads_lock - owner thread: 0x0000000016ff7000
[0x00000000023d1c50] Heap_lock - owner thread: 0x00000000023d4800

Heap:
 PSYoungGen      total 38400K, used 12673K [0x00000000d5d00000, 0x00000000d8780000, 0x0000000100000000)
  eden space 33280K, 24% used [0x00000000d5d00000,0x00000000d64f4ae8,0x00000000d7d80000)
  from space 5120K, 88% used [0x00000000d7d80000,0x00000000d81eba78,0x00000000d8280000)
  to   space 5120K, 36% used [0x00000000d8280000,0x00000000d844f408,0x00000000d8780000)
 ParOldGen       total 87552K, used 8K [0x0000000081600000, 0x0000000086b80000, 0x00000000d5d00000)
  object space 87552K, 0% used [0x0000000081600000,0x0000000081602000,0x0000000086b80000)
 Metaspace       used 9629K, capacity 9788K, committed 9856K, reserved 1062912K
  class space    used 1321K, capacity 1366K, committed 1408K, reserved 1048576K

Card table byte_map: [0x0000000011890000,0x0000000011c90000] byte_map_base: 0x0000000011485000

Marking Bits: (ParMarkBitMap*) 0x00000000703ef860
 Begin Bits: [0x0000000012340000, 0x00000000142e8000)
 End Bits:   [0x00000000142e8000, 0x0000000016290000)

Polling page: 0x00000000005f0000

CodeCache: size=245760Kb used=3152Kb max_used=3156Kb free=242607Kb
 bounds [0x00000000024d0000, 0x00000000027f0000, 0x00000000114d0000]
 total_blobs=1043 nmethods=725 adapters=231
 compilation: enabled

Compilation events (10 events):
Event: 1.883 Thread 0x0000000017040800  718       3       java.util.Hashtable$Enumerator::nextElement (111 bytes)
Event: 1.884 Thread 0x0000000017040800 nmethod 718 0x00000000027c25d0 code [0x00000000027c2760, 0x00000000027c2bc8]
Event: 1.884 Thread 0x0000000017040800  719       3       java.util.Properties::saveConvert (434 bytes)
Event: 1.898 Thread 0x0000000017040800 nmethod 719 0x00000000027d0ed0 code [0x00000000027d1960, 0x00000000027db878]
Event: 1.908 Thread 0x0000000017033800  720       4       java.lang.ClassLoader::checkName (43 bytes)
Event: 1.914 Thread 0x0000000017033800 nmethod 720 0x00000000027e72d0 code [0x00000000027e7420, 0x00000000027e7698]
Event: 1.926 Thread 0x0000000017040800  721       3       java.lang.Byte::<init> (10 bytes)
Event: 1.926 Thread 0x0000000017040800 nmethod 721 0x00000000027e6e90 code [0x00000000027e7000, 0x00000000027e7210]
Event: 1.931 Thread 0x0000000017040800  722       3       java.lang.Short::<init> (10 bytes)
Event: 1.931 Thread 0x0000000017040800 nmethod 722 0x00000000027e6a50 code [0x00000000027e6bc0, 0x00000000027e6dd0]

GC Heap History (3 events):
Event: 1.469 GC heap before
{Heap before GC invocations=1 (full 0):
 PSYoungGen      total 38400K, used 33280K [0x00000000d5d00000, 0x00000000d8780000, 0x0000000100000000)
  eden space 33280K, 100% used [0x00000000d5d00000,0x00000000d7d80000,0x00000000d7d80000)
  from space 5120K, 0% used [0x00000000d8280000,0x00000000d8280000,0x00000000d8780000)
  to   space 5120K, 0% used [0x00000000d7d80000,0x00000000d7d80000,0x00000000d8280000)
 ParOldGen       total 87552K, used 0K [0x0000000081600000, 0x0000000086b80000, 0x00000000d5d00000)
  object space 87552K, 0% used [0x0000000081600000,0x0000000081600000,0x0000000086b80000)
 Metaspace       used 7818K, capacity 7996K, committed 8064K, reserved 1056768K
  class space    used 1084K, capacity 1110K, committed 1152K, reserved 1048576K
Event: 1.475 GC heap after
Heap after GC invocations=1 (full 0):
 PSYoungGen      total 38400K, used 4526K [0x00000000d5d00000, 0x00000000d8780000, 0x0000000100000000)
  eden space 33280K, 0% used [0x00000000d5d00000,0x00000000d5d00000,0x00000000d7d80000)
  from space 5120K, 88% used [0x00000000d7d80000,0x00000000d81eba78,0x00000000d8280000)
  to   space 5120K, 0% used [0x00000000d8280000,0x00000000d8280000,0x00000000d8780000)
 ParOldGen       total 87552K, used 8K [0x0000000081600000, 0x0000000086b80000, 0x00000000d5d00000)
  object space 87552K, 0% used [0x0000000081600000,0x0000000081602000,0x0000000086b80000)
 Metaspace       used 7818K, capacity 7996K, committed 8064K, reserved 1056768K
  class space    used 1084K, capacity 1110K, committed 1152K, reserved 1048576K
}
Event: 1.976 GC heap before
{Heap before GC invocations=2 (full 0):
 PSYoungGen      total 38400K, used 12673K [0x00000000d5d00000, 0x00000000d8780000, 0x0000000100000000)
  eden space 33280K, 24% used [0x00000000d5d00000,0x00000000d64f4ae8,0x00000000d7d80000)
  from space 5120K, 88% used [0x00000000d7d80000,0x00000000d81eba78,0x00000000d8280000)
  to   space 5120K, 0% used [0x00000000d8280000,0x00000000d8280000,0x00000000d8780000)
 ParOldGen       total 87552K, used 8K [0x0000000081600000, 0x0000000086b80000, 0x00000000d5d00000)
  object space 87552K, 0% used [0x0000000081600000,0x0000000081602000,0x0000000086b80000)
 Metaspace       used 9629K, capacity 9788K, committed 9856K, reserved 1062912K
  class space    used 1321K, capacity 1366K, committed 1408K, reserved 1048576K

Deoptimization events (9 events):
Event: 0.408 Thread 0x00000000023d4800 Uncommon trap: reason=unstable_if action=reinterpret pc=0x00000000025eab38 method=java.lang.String.hashCode()I @ 14
Event: 0.931 Thread 0x00000000023d4800 Uncommon trap: reason=unstable_if action=reinterpret pc=0x0000000002627d18 method=sun.nio.cs.UTF_8$Encoder.encode([CII[B)I @ 33
Event: 0.931 Thread 0x00000000023d4800 Uncommon trap: reason=unstable_if action=reinterpret pc=0x00000000026da784 method=sun.net.www.ParseUtil.encodePath(Ljava/lang/String;Z)Ljava/lang/String; @ 81
Event: 1.153 Thread 0x00000000023d4800 Uncommon trap: reason=unstable_if action=reinterpret pc=0x00000000026fe244 method=sun.misc.MetaIndex.mayContain(Ljava/lang/String;)Z @ 38
Event: 1.171 Thread 0x00000000023d4800 Uncommon trap: reason=unstable_if action=reinterpret pc=0x0000000002727778 method=java.io.WinNTFileSystem.normalize(Ljava/lang/String;)Ljava/lang/String; @ 128
Event: 1.210 Thread 0x00000000023d4800 Uncommon trap: reason=unstable_if action=reinterpret pc=0x0000000002667b78 method=java.lang.String.indexOf([CII[CIII)I @ 3
Event: 1.224 Thread 0x00000000023d4800 Uncommon trap: reason=unstable_if action=reinterpret pc=0x000000000271bd78 method=java.lang.Character.isSurrogate(C)Z @ 3
Event: 1.333 Thread 0x00000000023d4800 Uncommon trap: reason=range_check action=make_not_entrant pc=0x000000000276e9a0 method=sun.reflect.generics.parser.SignatureParser.current()C @ 34
Event: 1.764 Thread 0x00000000023d4800 Uncommon trap: reason=bimorphic action=maybe_recompile pc=0x000000000273c964 method=java.net.URL.<init>(Ljava/net/URL;Ljava/lang/String;Ljava/net/URLStreamHandler;)V @ 504

Classes redefined (0 events):
No events

Internal exceptions (10 events):
Event: 0.366 Thread 0x00000000023d4800 Exception <a 'java/security/PrivilegedActionException'> (0x00000000d65c6b48) thrown at [C:\re\workspace\8-2-build-windows-amd64-cygwin\jdk8u161\10277\hotspot\src\share\vm\prims\jvm.cpp, line 1390]
Event: 0.366 Thread 0x00000000023d4800 Exception <a 'java/security/PrivilegedActionException'> (0x00000000d65c6d58) thrown at [C:\re\workspace\8-2-build-windows-amd64-cygwin\jdk8u161\10277\hotspot\src\share\vm\prims\jvm.cpp, line 1390]
Event: 0.714 Thread 0x00000000023d4800 Exception <a 'java/security/PrivilegedActionException'> (0x00000000d6a6a640) thrown at [C:\re\workspace\8-2-build-windows-amd64-cygwin\jdk8u161\10277\hotspot\src\share\vm\prims\jvm.cpp, line 1390]
Event: 0.714 Thread 0x00000000023d4800 Exception <a 'java/security/PrivilegedActionException'> (0x00000000d6a6aa38) thrown at [C:\re\workspace\8-2-build-windows-amd64-cygwin\jdk8u161\10277\hotspot\src\share\vm\prims\jvm.cpp, line 1390]
Event: 0.715 Thread 0x00000000023d4800 Exception <a 'java/security/PrivilegedActionException'> (0x00000000d6a6ed18) thrown at [C:\re\workspace\8-2-build-windows-amd64-cygwin\jdk8u161\10277\hotspot\src\share\vm\prims\jvm.cpp, line 1390]
Event: 0.715 Thread 0x00000000023d4800 Exception <a 'java/security/PrivilegedActionException'> (0x00000000d6a6f110) thrown at [C:\re\workspace\8-2-build-windows-amd64-cygwin\jdk8u161\10277\hotspot\src\share\vm\prims\jvm.cpp, line 1390]
Event: 1.331 Thread 0x00000000023d4800 Exception <a 'java/lang/ArrayIndexOutOfBoundsException'> (0x00000000d7ad8b58) thrown at [C:\re\workspace\8-2-build-windows-amd64-cygwin\jdk8u161\10277\hotspot\src\share\vm\runtime\sharedRuntime.cpp, line 605]
Event: 1.332 Thread 0x00000000023d4800 Exception <a 'java/lang/ArrayIndexOutOfBoundsException'> (0x00000000d7adae90) thrown at [C:\re\workspace\8-2-build-windows-amd64-cygwin\jdk8u161\10277\hotspot\src\share\vm\runtime\sharedRuntime.cpp, line 605]
Event: 1.332 Thread 0x00000000023d4800 Exception <a 'java/lang/ArrayIndexOutOfBoundsException'> (0x00000000d7adc528) thrown at [C:\re\workspace\8-2-build-windows-amd64-cygwin\jdk8u161\10277\hotspot\src\share\vm\runtime\sharedRuntime.cpp, line 605]
Event: 1.333 Thread 0x00000000023d4800 Exception <a 'java/lang/ArrayIndexOutOfBoundsException': 40> (0x00000000d7add430) thrown at [C:\re\workspace\8-2-build-windows-amd64-cygwin\jdk8u161\10277\hotspot\src\share\vm\interpreter\interpreterRuntime.cpp, line 366]

Events (10 events):
Event: 1.971 loading class java/lang/invoke/BoundMethodHandle$Species_L
Event: 1.971 loading class java/lang/invoke/BoundMethodHandle$Species_L done
Event: 1.971 loading class sun/invoke/util/BytecodeDescriptor
Event: 1.972 loading class sun/invoke/util/BytecodeDescriptor done
Event: 1.972 loading class java/lang/invoke/DirectMethodHandle$Lazy
Event: 1.973 loading class java/lang/invoke/DirectMethodHandle$Lazy done
Event: 1.973 loading class java/lang/invoke/DirectMethodHandle$Interface
Event: 1.973 loading class java/lang/invoke/DirectMethodHandle$Interface done
Event: 1.974 loading class java/lang/invoke/InvokerBytecodeGenerator
Event: 1.976 Executing VM operation: CollectForMetadataAllocation


Dynamic libraries:
0x00007ff62b430000 - 0x00007ff62b467000 	C:\Program Files\Java\jdk1.8.0_161\bin\javaw.exe
0x00007ffcd8200000 - 0x00007ffcd83f0000 	C:\WINDOWS\SYSTEM32\ntdll.dll
0x00007ffcd6640000 - 0x00007ffcd66f2000 	C:\WINDOWS\System32\KERNEL32.DLL
0x00007ffcd5ac0000 - 0x00007ffcd5d64000 	C:\WINDOWS\System32\KERNELBASE.dll
0x00007ffcd7810000 - 0x00007ffcd78b3000 	C:\WINDOWS\System32\ADVAPI32.dll
0x00007ffcd7030000 - 0x00007ffcd70ce000 	C:\WINDOWS\System32\msvcrt.dll
0x00007ffcd6f90000 - 0x00007ffcd7027000 	C:\WINDOWS\System32\sechost.dll
0x00007ffcd7b50000 - 0x00007ffcd7c70000 	C:\WINDOWS\System32\RPCRT4.dll
0x00007ffcd6700000 - 0x00007ffcd6894000 	C:\WINDOWS\System32\USER32.dll
0x00007ffcd5a90000 - 0x00007ffcd5ab1000 	C:\WINDOWS\System32\win32u.dll
0x00007ffcd7550000 - 0x00007ffcd7576000 	C:\WINDOWS\System32\GDI32.dll
0x00007ffcd6110000 - 0x00007ffcd62a5000 	C:\WINDOWS\System32\gdi32full.dll
0x00007ffcd6070000 - 0x00007ffcd610e000 	C:\WINDOWS\System32\msvcp_win.dll
0x00007ffcd5990000 - 0x00007ffcd5a8a000 	C:\WINDOWS\System32\ucrtbase.dll
0x00007ffcc8910000 - 0x00007ffcc8b94000 	C:\WINDOWS\WinSxS\amd64_microsoft.windows.common-controls_6595b64144ccf1df_6.0.18362.900_none_e6beb9d913147d17\COMCTL32.dll
0x00007ffcd7cd0000 - 0x00007ffcd8005000 	C:\WINDOWS\System32\combase.dll
0x00007ffcd5ea0000 - 0x00007ffcd5f20000 	C:\WINDOWS\System32\bcryptPrimitives.dll
0x00007ffcd7760000 - 0x00007ffcd778e000 	C:\WINDOWS\System32\IMM32.DLL
0x000000006f970000 - 0x000000006fa42000 	C:\Program Files\Java\jdk1.8.0_161\jre\bin\msvcr100.dll
0x000000006fbd0000 - 0x000000007046f000 	C:\Program Files\Java\jdk1.8.0_161\jre\bin\server\jvm.dll
0x00007ffcd80e0000 - 0x00007ffcd80e8000 	C:\WINDOWS\System32\PSAPI.DLL
0x00007ffcaec30000 - 0x00007ffcaec39000 	C:\WINDOWS\SYSTEM32\WSOCK32.dll
0x00007ffcd7ad0000 - 0x00007ffcd7b3f000 	C:\WINDOWS\System32\WS2_32.dll
0x00007ffcd14d0000 - 0x00007ffcd14f4000 	C:\WINDOWS\SYSTEM32\WINMM.dll
0x00007ffccd810000 - 0x00007ffccd81a000 	C:\WINDOWS\SYSTEM32\VERSION.dll
0x00007ffcd14a0000 - 0x00007ffcd14cd000 	C:\WINDOWS\SYSTEM32\WINMMBASE.dll
0x00007ffcd5940000 - 0x00007ffcd598a000 	C:\WINDOWS\System32\cfgmgr32.dll
0x000000006fae0000 - 0x000000006faef000 	C:\Program Files\Java\jdk1.8.0_161\jre\bin\verify.dll
0x000000006fab0000 - 0x000000006fad9000 	C:\Program Files\Java\jdk1.8.0_161\jre\bin\java.dll
0x000000006fa90000 - 0x000000006faa6000 	C:\Program Files\Java\jdk1.8.0_161\jre\bin\zip.dll
0x00007ffcd68a0000 - 0x00007ffcd6f86000 	C:\WINDOWS\System32\SHELL32.dll
0x00007ffcd6590000 - 0x00007ffcd6639000 	C:\WINDOWS\System32\shcore.dll
0x00007ffcd5190000 - 0x00007ffcd5910000 	C:\WINDOWS\System32\windows.storage.dll
0x00007ffcd50f0000 - 0x00007ffcd5113000 	C:\WINDOWS\System32\profapi.dll
0x00007ffcd5140000 - 0x00007ffcd518a000 	C:\WINDOWS\System32\powrprof.dll
0x00007ffcd50c0000 - 0x00007ffcd50d0000 	C:\WINDOWS\System32\UMPDC.dll
0x00007ffcd78c0000 - 0x00007ffcd7912000 	C:\WINDOWS\System32\shlwapi.dll
0x00007ffcd50d0000 - 0x00007ffcd50e1000 	C:\WINDOWS\System32\kernel.appcore.dll
0x00007ffcd5dd0000 - 0x00007ffcd5de7000 	C:\WINDOWS\System32\cryptsp.dll
0x000000006fa70000 - 0x000000006fa8a000 	C:\Program Files\Java\jdk1.8.0_161\jre\bin\net.dll
0x00007ffcd4930000 - 0x00007ffcd4997000 	C:\WINDOWS\system32\mswsock.dll
0x00007ffcd4680000 - 0x00007ffcd474b000 	C:\WINDOWS\SYSTEM32\DNSAPI.dll
0x00007ffcd7b40000 - 0x00007ffcd7b48000 	C:\WINDOWS\System32\NSI.dll
0x00007ffcd4640000 - 0x00007ffcd467a000 	C:\WINDOWS\SYSTEM32\IPHLPAPI.DLL
0x00007ffcc9570000 - 0x00007ffcc957a000 	C:\Windows\System32\rasadhlp.dll
0x00007ffccb660000 - 0x00007ffccb6d7000 	C:\WINDOWS\System32\fwpuclnt.dll
0x00007ffcd5910000 - 0x00007ffcd5936000 	C:\WINDOWS\System32\bcrypt.dll

VM Arguments:
jvm_args: -ea -Dfile.encoding=Cp1252 
java_command: org.eclipse.jdt.internal.junit.runner.RemoteTestRunner -version 3 -port 60281 -testLoaderClass org.eclipse.jdt.internal.junit4.runner.JUnit4TestLoader -loaderpluginname org.eclipse.jdt.junit4.runtime -classNames guiTest.TestRunner.Runner
java_class_path (initial): C:\PROJETOS_GITHUB\desafio1_2_3\target\test-classes;C:\PROJETOS_GITHUB\desafio1_2_3\target\classes;C:\Users\marco\.m2\repository\junit\junit\4.12\junit-4.12.jar;C:\Users\marco\.m2\repository\org\hamcrest\hamcrest-core\1.3\hamcrest-core-1.3.jar;C:\Users\marco\.m2\repository\info\cukes\cucumber-junit\1.2.5\cucumber-junit-1.2.5.jar;C:\Users\marco\.m2\repository\info\cukes\cucumber-java\1.2.5\cucumber-java-1.2.5.jar;C:\Users\marco\.m2\repository\info\cukes\cucumber-core\1.2.5\cucumber-core-1.2.5.jar;C:\Users\marco\.m2\repository\info\cukes\cucumber-html\0.2.3\cucumber-html-0.2.3.jar;C:\Users\marco\.m2\repository\info\cukes\cucumber-jvm-deps\1.0.5\cucumber-jvm-deps-1.0.5.jar;C:\Users\marco\.m2\repository\info\cukes\gherkin\2.12.2\gherkin-2.12.2.jar;C:\Users\marco\.m2\repository\io\cucumber\gherkin\4.1.3\gherkin-4.1.3.jar;C:\Users\marco\.m2\repository\io\cucumber\gherkin-jvm-deps\1.0.4\gherkin-jvm-deps-1.0.4.jar;C:\Users\marco\.m2\repository\io\cucumber\cucumber-jvm-deps\1.0.6\cucumber-jvm-deps-1.0.6.jar;C:\Users\marco\.m2\repository\org\seleniumhq\selenium\selenium-java\3.141.59\selenium-java-3.141.59.jar;C:\Users\marco\.m2\repository\org\seleniumhq\selenium\selenium-api\3.141.59\selenium-api-3.141.59.jar;C:\Users\marco\.m2\repository\org\seleniumhq\selenium\selenium-chrome-driver\3.141.59\selenium-chrome-driver-3.141.59.jar;C:\Users\marco\.m2\repository\org\seleniumhq\selenium\selenium-edge-driver\3.141.59\selenium-edge-driver-3.141.59.jar;C:\Users\marco\.m2\repository\org\seleniumhq\selenium\selenium-firefox-driver\3.141.59\selenium-firefox-driver-3.141.59.jar;C:\Users\marco\.m2\repository\org\seleniumhq\selenium\selenium-ie-driver\3.141.59\selenium-ie-driver-3.141.59.jar;C:\Users\marco\.m2\repository\org\seleniumhq\selenium\selenium-opera-driver\3.141.59\selenium-opera-driver-3.141.59.jar;C:\Users\marco\.m2\repository\org\seleniumhq\selenium\selenium-remote-driver\3.141.59\selenium-remote-driver-3.141.59.jar;C:\Users\marco\.m2\repository\o
Launcher Type: SUN_STANDARD

Environment Variables:
JAVA_HOME=C:\Program Files\Java\jdk1.8.0_161
PATH=C:/Program Files/Java/jdk1.8.0_161/bin/../jre/bin/server;C:/Program Files/Java/jdk1.8.0_161/bin/../jre/bin;C:/Program Files/Java/jdk1.8.0_161/bin/../jre/lib/amd64;C:\WINDOWS\system32;C:\WINDOWS;C:\WINDOWS\System32\Wbem;C:\WINDOWS\System32\WindowsPowerShell\v1.0\;C:\Program Files\Intel\WiFi\bin\;C:\Program Files\Common Files\Intel\WirelessCommon\;C:\Program Files\dotnet\;C:\Program Files\Microsoft SQL Server\130\Tools\Binn\;C:\WINDOWS\System32\OpenSSH\;C:\apache-maven-3.6.0;%JAVA_HOME%\bin;C:\apache-maven-3.6.0\bin;C:\Program Files\nodejs\;C:\Users\marco\AppData\Local\Programs\Python\Python38-32\Scripts;C:\Program Files\Git\cmd;C:\Users\marco\AppData\Local\Microsoft\WindowsApps;C:\Program Files\Intel\WiFi\bin\;C:\Program Files\Common Files\Intel\WirelessCommon\;C:\Users\marco\AppData\Local\Programs\Microsoft VS Code\bin;C:\Users\marco\AppData\Roaming\npm;C:\Program Files\Java\jdk1.8.0_161\bin;;C:\sts-4.5.1.RELEASE;
USERNAME=marco
OS=Windows_NT
PROCESSOR_IDENTIFIER=Intel64 Family 6 Model 69 Stepping 1, GenuineIntel



---------------  S Y S T E M  ---------------

OS: Windows 10.0 , 64 bit Build 18362 (10.0.18362.900)

CPU:total 4 (initial active 4) (2 cores per cpu, 2 threads per core) family 6 model 69 stepping 1, cmov, cx8, fxsr, mmx, sse, sse2, sse3, ssse3, sse4.1, sse4.2, popcnt, avx, avx2, aes, clmul, erms, lzcnt, ht, tsc, tscinvbit, bmi1, bmi2

Memory: 4k page, physical 8291404k(1034416k free), swap 8291404k(2392k free)

vm_info: Java HotSpot(TM) 64-Bit Server VM (25.161-b12) for windows-amd64 JRE (1.8.0_161-b12), built on Dec 19 2017 17:52:25 by "java_re" with MS VC++ 10.0 (VS2010)

time: Thu Jul 09 02:16:46 2020
elapsed time: 2 seconds (0d 0h 0m 2s)

